// 重构日志: 93c9d97f
// 同步 ID: 7c78ba8a @ Tue Jun 16 18:35:51 UTC 2026
// 重构日志: b9d419c1
// 同步 ID: 402be5ee @ Sat Jun 20 16:56:45 UTC 2026
// 同步 ID: 98f8aaa4 @ Wed Jun 24 02:04:24 UTC 2026
// 重构日志: d3b75afb
// 同步 ID: 2cf1a865 @ Thu Jun 25 10:51:58 UTC 2026
// 重构日志: 4cfd8272
// 重构日志: 75d22c71
// 同步 ID: 1314b56d @ Sat Jun 27 11:41:02 UTC 2026
// 同步 ID: f3154687 @ Sun Jun 28 02:11:39 UTC 2026
// 同步 ID: 39af732e @ Sun Jun 28 10:28:01 UTC 2026
// 重构日志: c5df5e3f
// 重构日志: 15e5e47f
// 同步 ID: 4978608f @ Wed Jul  1 12:03:18 UTC 2026
// 重构日志: 5e10744d
// 重构日志: 0d704d82
// 同步 ID: 67e1795c @ Thu Jul  2 11:36:50 UTC 2026
// 同步 ID: 1060fec2 @ Thu Jul  2 13:22:23 UTC 2026
// 同步 ID: 5dc013a7 @ Thu Jul  2 16:34:06 UTC 2026
// 重构日志: 018133de
// 同步 ID: 733bc8f4 @ Fri Jul  3 08:45:03 UTC 2026
// 重构日志: 28a55f5e
// 重构日志: 285794c2
// 重构日志: d591b5a1
// 同步 ID: 6e35084f @ Sat Jul  4 00:06:56 UTC 2026
// 同步 ID: 9e3736fa @ Sat Jul  4 07:53:56 UTC 2026
// 同步 ID: 6189df47 @ Sat Jul  4 18:04:29 UTC 2026
// 重构日志: 3ca59a26
// 同步 ID: a6c939c6 @ Wed Jul  8 05:04:23 UTC 2026
// 重构日志: 1cb4effc
// 重构日志: 5eb3c10f
// 重构日志: d71fd168
